[24-Jun-2025 20:23:15 Asia/Jakarta] PHP Warning:  Constant CONFIG_PATH already defined in C:\xampp8.1.6\htdocs\wanew\config\constants.php on line 27
[24-Jun-2025 20:23:15 Asia/Jakarta] PHP Warning:  Constant CLASSES_PATH already defined in C:\xampp8.1.6\htdocs\wanew\config\constants.php on line 28
[24-Jun-2025 20:23:15 Asia/Jakarta] PHP Warning:  Constant INCLUDES_PATH already defined in C:\xampp8.1.6\htdocs\wanew\config\constants.php on line 29
[24-Jun-2025 20:23:15 Asia/Jakarta] PHP Warning:  Constant PAGES_PATH already defined in C:\xampp8.1.6\htdocs\wanew\config\constants.php on line 30
[24-Jun-2025 20:23:15 Asia/Jakarta] PHP Warning:  Constant LOG_ALERT already defined in C:\xampp8.1.6\htdocs\wanew\config\constants.php on line 150
[24-Jun-2025 20:23:15 Asia/Jakarta] PHP Warning:  Constant LOG_WARNING already defined in C:\xampp8.1.6\htdocs\wanew\config\constants.php on line 153
[24-Jun-2025 20:23:15 Asia/Jakarta] PHP Warning:  Constant LOG_NOTICE already defined in C:\xampp8.1.6\htdocs\wanew\config\constants.php on line 154
[24-Jun-2025 20:23:15 Asia/Jakarta] PHP Warning:  Constant LOG_INFO already defined in C:\xampp8.1.6\htdocs\wanew\config\constants.php on line 155
[24-Jun-2025 20:23:15 Asia/Jakarta] PHP Warning:  Constant LOG_DEBUG already defined in C:\xampp8.1.6\htdocs\wanew\config\constants.php on line 156
[24-Jun-2025 20:23:15 Asia/Jakarta] PHP Fatal error:  Uncaught Error: Undefined constant "APP_DEBUG" in C:\xampp8.1.6\htdocs\wanew\index.php:39
Stack trace:
#0 {main}
  thrown in C:\xampp8.1.6\htdocs\wanew\index.php on line 39
[24-Jun-2025 20:26:01 Asia/Jakarta] PHP Warning:  Constant CONFIG_PATH already defined in C:\xampp8.1.6\htdocs\wanew\config\constants.php on line 27
[24-Jun-2025 20:26:01 Asia/Jakarta] PHP Warning:  Constant CLASSES_PATH already defined in C:\xampp8.1.6\htdocs\wanew\config\constants.php on line 28
[24-Jun-2025 20:26:01 Asia/Jakarta] PHP Warning:  Constant INCLUDES_PATH already defined in C:\xampp8.1.6\htdocs\wanew\config\constants.php on line 29
[24-Jun-2025 20:26:01 Asia/Jakarta] PHP Warning:  Constant PAGES_PATH already defined in C:\xampp8.1.6\htdocs\wanew\config\constants.php on line 30
[24-Jun-2025 20:26:01 Asia/Jakarta] PHP Warning:  Constant LOG_ALERT already defined in C:\xampp8.1.6\htdocs\wanew\config\constants.php on line 150
[24-Jun-2025 20:26:01 Asia/Jakarta] PHP Warning:  Constant LOG_WARNING already defined in C:\xampp8.1.6\htdocs\wanew\config\constants.php on line 153
[24-Jun-2025 20:26:01 Asia/Jakarta] PHP Warning:  Constant LOG_NOTICE already defined in C:\xampp8.1.6\htdocs\wanew\config\constants.php on line 154
[24-Jun-2025 20:26:01 Asia/Jakarta] PHP Warning:  Constant LOG_INFO already defined in C:\xampp8.1.6\htdocs\wanew\config\constants.php on line 155
[24-Jun-2025 20:26:01 Asia/Jakarta] PHP Warning:  Constant LOG_DEBUG already defined in C:\xampp8.1.6\htdocs\wanew\config\constants.php on line 156
[24-Jun-2025 20:26:01 Asia/Jakarta] PHP Fatal error:  Uncaught Error: Undefined constant "APP_DEBUG" in C:\xampp8.1.6\htdocs\wanew\index.php:39
Stack trace:
#0 {main}
  thrown in C:\xampp8.1.6\htdocs\wanew\index.php on line 39
[24-Jun-2025 20:27:36 Asia/Jakarta] PHP Fatal error:  Uncaught Error: Undefined constant "APP_DEBUG" in C:\xampp8.1.6\htdocs\wanew\index.php:39
Stack trace:
#0 {main}
  thrown in C:\xampp8.1.6\htdocs\wanew\index.php on line 39
[24-Jun-2025 20:28:51 Asia/Jakarta] PHP Fatal error:  Cannot redeclare isLoggedIn() (previously declared in C:\xampp8.1.6\htdocs\wanew\includes\functions.php:23) in C:\xampp8.1.6\htdocs\wanew\includes\session.php on line 62
[24-Jun-2025 20:28:52 Asia/Jakarta] PHP Fatal error:  Cannot redeclare isLoggedIn() (previously declared in C:\xampp8.1.6\htdocs\wanew\includes\functions.php:23) in C:\xampp8.1.6\htdocs\wanew\includes\session.php on line 62
[26-Jun-2025 21:10:22 Asia/Jakarta] PHP Fatal error:  Cannot redeclare isLoggedIn() (previously declared in C:\xampp8.1.6\htdocs\wanew\includes\functions.php:23) in C:\xampp8.1.6\htdocs\wanew\includes\session.php on line 62
